Analysis & Synthesis report for proiect
Thu Jul 27 16:43:05 2017
Quartus II 64-Bit Version 13.0.1 Build 232 06/12/2013 Service Pack 1 SJ Web Edition


---------------------
; Table of Contents ;
---------------------
  1. Legal Notice
  2. Analysis & Synthesis Summary
  3. Analysis & Synthesis Settings
  4. Parallel Compilation
  5. Analysis & Synthesis Source Files Read
  6. Analysis & Synthesis Resource Usage Summary
  7. Analysis & Synthesis Resource Utilization by Entity
  8. Registers Removed During Synthesis
  9. General Register Statistics
 10. Inverted Register Statistics
 11. Multiplexer Restructuring Statistics (Restructuring Performed)
 12. Parameter Settings for User Entity Instance: vga_sync:vga
 13. Elapsed Time Per Partition
 14. Analysis & Synthesis Messages
 15. Analysis & Synthesis Suppressed Messages



----------------
; Legal Notice ;
----------------
Copyright (C) 1991-2013 Altera Corporation
Your use of Altera Corporation's design tools, logic functions 
and other software and tools, and its AMPP partner logic 
functions, and any output files from any of the foregoing 
(including device programming or simulation files), and any 
associated documentation or information are expressly subject 
to the terms and conditions of the Altera Program License 
Subscription Agreement, Altera MegaCore Function License 
Agreement, or other applicable license agreement, including, 
without limitation, that your use is for the sole purpose of 
programming logic devices manufactured by Altera and sold by 
Altera or its authorized distributors.  Please refer to the 
applicable agreement for further details.



+--------------------------------------------------------------------------------------+
; Analysis & Synthesis Summary                                                         ;
+------------------------------------+-------------------------------------------------+
; Analysis & Synthesis Status        ; Successful - Thu Jul 27 16:43:05 2017           ;
; Quartus II 64-Bit Version          ; 13.0.1 Build 232 06/12/2013 SP 1 SJ Web Edition ;
; Revision Name                      ; proiect                                         ;
; Top-level Entity Name              ; proiect                                         ;
; Family                             ; Cyclone II                                      ;
; Total logic elements               ; 220                                             ;
;     Total combinational functions  ; 220                                             ;
;     Dedicated logic registers      ; 71                                              ;
; Total registers                    ; 71                                              ;
; Total pins                         ; 18                                              ;
; Total virtual pins                 ; 0                                               ;
; Total memory bits                  ; 0                                               ;
; Embedded Multiplier 9-bit elements ; 0                                               ;
; Total PLLs                         ; 0                                               ;
+------------------------------------+-------------------------------------------------+


+----------------------------------------------------------------------------------------------------------------------+
; Analysis & Synthesis Settings                                                                                        ;
+----------------------------------------------------------------------------+--------------------+--------------------+
; Option                                                                     ; Setting            ; Default Value      ;
+----------------------------------------------------------------------------+--------------------+--------------------+
; Device                                                                     ; EP2C20F484C7       ;                    ;
; Top-level entity name                                                      ; proiect            ; proiect            ;
; Family name                                                                ; Cyclone II         ; Cyclone IV GX      ;
; Use smart compilation                                                      ; Off                ; Off                ;
; Enable parallel Assembler and TimeQuest Timing Analyzer during compilation ; On                 ; On                 ;
; Enable compact report table                                                ; Off                ; Off                ;
; Restructure Multiplexers                                                   ; Auto               ; Auto               ;
; Create Debugging Nodes for IP Cores                                        ; Off                ; Off                ;
; Preserve fewer node names                                                  ; On                 ; On                 ;
; Disable OpenCore Plus hardware evaluation                                  ; Off                ; Off                ;
; Verilog Version                                                            ; Verilog_2001       ; Verilog_2001       ;
; VHDL Version                                                               ; VHDL_1993          ; VHDL_1993          ;
; State Machine Processing                                                   ; Auto               ; Auto               ;
; Safe State Machine                                                         ; Off                ; Off                ;
; Extract Verilog State Machines                                             ; On                 ; On                 ;
; Extract VHDL State Machines                                                ; On                 ; On                 ;
; Ignore Verilog initial constructs                                          ; Off                ; Off                ;
; Iteration limit for constant Verilog loops                                 ; 5000               ; 5000               ;
; Iteration limit for non-constant Verilog loops                             ; 250                ; 250                ;
; Add Pass-Through Logic to Inferred RAMs                                    ; On                 ; On                 ;
; Infer RAMs from Raw Logic                                                  ; On                 ; On                 ;
; Parallel Synthesis                                                         ; On                 ; On                 ;
; DSP Block Balancing                                                        ; Auto               ; Auto               ;
; NOT Gate Push-Back                                                         ; On                 ; On                 ;
; Power-Up Don't Care                                                        ; On                 ; On                 ;
; Remove Redundant Logic Cells                                               ; Off                ; Off                ;
; Remove Duplicate Registers                                                 ; On                 ; On                 ;
; Ignore CARRY Buffers                                                       ; Off                ; Off                ;
; Ignore CASCADE Buffers                                                     ; Off                ; Off                ;
; Ignore GLOBAL Buffers                                                      ; Off                ; Off                ;
; Ignore ROW GLOBAL Buffers                                                  ; Off                ; Off                ;
; Ignore LCELL Buffers                                                       ; Off                ; Off                ;
; Ignore SOFT Buffers                                                        ; On                 ; On                 ;
; Limit AHDL Integers to 32 Bits                                             ; Off                ; Off                ;
; Optimization Technique                                                     ; Balanced           ; Balanced           ;
; Carry Chain Length                                                         ; 70                 ; 70                 ;
; Auto Carry Chains                                                          ; On                 ; On                 ;
; Auto Open-Drain Pins                                                       ; On                 ; On                 ;
; Perform WYSIWYG Primitive Resynthesis                                      ; Off                ; Off                ;
; Auto ROM Replacement                                                       ; On                 ; On                 ;
; Auto RAM Replacement                                                       ; On                 ; On                 ;
; Auto Shift Register Replacement                                            ; Auto               ; Auto               ;
; Allow Shift Register Merging across Hierarchies                            ; Auto               ; Auto               ;
; Auto Clock Enable Replacement                                              ; On                 ; On                 ;
; Strict RAM Replacement                                                     ; Off                ; Off                ;
; Allow Synchronous Control Signals                                          ; On                 ; On                 ;
; Force Use of Synchronous Clear Signals                                     ; Off                ; Off                ;
; Auto RAM to Logic Cell Conversion                                          ; Off                ; Off                ;
; Auto Resource Sharing                                                      ; Off                ; Off                ;
; Allow Any RAM Size For Recognition                                         ; Off                ; Off                ;
; Allow Any ROM Size For Recognition                                         ; Off                ; Off                ;
; Allow Any Shift Register Size For Recognition                              ; Off                ; Off                ;
; Use LogicLock Constraints during Resource Balancing                        ; On                 ; On                 ;
; Ignore translate_off and synthesis_off directives                          ; Off                ; Off                ;
; Timing-Driven Synthesis                                                    ; Off                ; Off                ;
; Report Parameter Settings                                                  ; On                 ; On                 ;
; Report Source Assignments                                                  ; On                 ; On                 ;
; Report Connectivity Checks                                                 ; On                 ; On                 ;
; Ignore Maximum Fan-Out Assignments                                         ; Off                ; Off                ;
; Synchronization Register Chain Length                                      ; 2                  ; 2                  ;
; PowerPlay Power Optimization                                               ; Normal compilation ; Normal compilation ;
; HDL message level                                                          ; Level2             ; Level2             ;
; Suppress Register Optimization Related Messages                            ; Off                ; Off                ;
; Number of Removed Registers Reported in Synthesis Report                   ; 5000               ; 5000               ;
; Number of Swept Nodes Reported in Synthesis Report                         ; 5000               ; 5000               ;
; Number of Inverted Registers Reported in Synthesis Report                  ; 100                ; 100                ;
; Clock MUX Protection                                                       ; On                 ; On                 ;
; Auto Gated Clock Conversion                                                ; Off                ; Off                ;
; Block Design Naming                                                        ; Auto               ; Auto               ;
; SDC constraint protection                                                  ; Off                ; Off                ;
; Synthesis Effort                                                           ; Auto               ; Auto               ;
; Shift Register Replacement - Allow Asynchronous Clear Signal               ; On                 ; On                 ;
; Pre-Mapping Resynthesis Optimization                                       ; Off                ; Off                ;
; Analysis & Synthesis Message Level                                         ; Medium             ; Medium             ;
; Disable Register Merging Across Hierarchies                                ; Auto               ; Auto               ;
; Resource Aware Inference For Block RAM                                     ; On                 ; On                 ;
; Synthesis Seed                                                             ; 1                  ; 1                  ;
+----------------------------------------------------------------------------+--------------------+--------------------+


Parallel compilation was disabled, but you have multiple processors available. Enable parallel compilation to reduce compilation time.
+-------------------------------------+
; Parallel Compilation                ;
+----------------------------+--------+
; Processors                 ; Number ;
+----------------------------+--------+
; Number detected on machine ; 4      ;
; Maximum allowed            ; 1      ;
+----------------------------+--------+


+-----------------------------------------------------------------------------------------------------------------------------------------+
; Analysis & Synthesis Source Files Read                                                                                                  ;
+----------------------------------+-----------------+------------------------+-------------------------------------------------+---------+
; File Name with User-Entered Path ; Used in Netlist ; File Type              ; File Name with Absolute Path                    ; Library ;
+----------------------------------+-----------------+------------------------+-------------------------------------------------+---------+
; proiect.v                        ; yes             ; User Verilog HDL File  ; D:/altera 2/projects_delete/proiect/proiect.v   ;         ;
; vga_sync.v                       ; yes             ; User Verilog HDL File  ; D:/altera 2/projects_delete/proiect/vga_sync.v  ;         ;
; updateclk.v                      ; yes             ; User Verilog HDL File  ; D:/altera 2/projects_delete/proiect/updateclk.v ;         ;
+----------------------------------+-----------------+------------------------+-------------------------------------------------+---------+


+-----------------------------------------------------+
; Analysis & Synthesis Resource Usage Summary         ;
+---------------------------------------------+-------+
; Resource                                    ; Usage ;
+---------------------------------------------+-------+
; Estimated Total logic elements              ; 220   ;
;                                             ;       ;
; Total combinational functions               ; 220   ;
; Logic element usage by number of LUT inputs ;       ;
;     -- 4 input functions                    ; 61    ;
;     -- 3 input functions                    ; 61    ;
;     -- <=2 input functions                  ; 98    ;
;                                             ;       ;
; Logic elements by mode                      ;       ;
;     -- normal mode                          ; 112   ;
;     -- arithmetic mode                      ; 108   ;
;                                             ;       ;
; Total registers                             ; 71    ;
;     -- Dedicated logic registers            ; 71    ;
;     -- I/O registers                        ; 0     ;
;                                             ;       ;
; I/O pins                                    ; 18    ;
; Embedded Multiplier 9-bit elements          ; 0     ;
; Maximum fan-out node                        ; clk   ;
; Maximum fan-out                             ; 52    ;
; Total fan-out                               ; 811   ;
; Average fan-out                             ; 2.62  ;
+---------------------------------------------+-------+


+----------------------------------------------------------------------------------------------------------------------------------------------------------------------------------+
; Analysis & Synthesis Resource Utilization by Entity                                                                                                                              ;
+----------------------------+-------------------+--------------+-------------+--------------+---------+-----------+------+--------------+--------------------------+--------------+
; Compilation Hierarchy Node ; LC Combinationals ; LC Registers ; Memory Bits ; DSP Elements ; DSP 9x9 ; DSP 18x18 ; Pins ; Virtual Pins ; Full Hierarchy Name      ; Library Name ;
+----------------------------+-------------------+--------------+-------------+--------------+---------+-----------+------+--------------+--------------------------+--------------+
; |proiect                   ; 220 (135)         ; 71 (24)      ; 0           ; 0            ; 0       ; 0         ; 18   ; 0            ; |proiect                 ; work         ;
;    |updateclk:clock|       ; 43 (43)           ; 25 (25)      ; 0           ; 0            ; 0       ; 0         ; 0    ; 0            ; |proiect|updateclk:clock ; work         ;
;    |vga_sync:vga|          ; 42 (42)           ; 22 (22)      ; 0           ; 0            ; 0       ; 0         ; 0    ; 0            ; |proiect|vga_sync:vga    ; work         ;
+----------------------------+-------------------+--------------+-------------+--------------+---------+-----------+------+--------------+--------------------------+--------------+
Note: For table entries with two numbers listed, the numbers in parentheses indicate the number of resources of the given type used by the specific entity alone. The numbers listed outside of parentheses indicate the total resources of the given type used by the specific entity and all of its sub-entities in the hierarchy.


+---------------------------------------------------------------------------------+
; Registers Removed During Synthesis                                              ;
+----------------------------------------+----------------------------------------+
; Register name                          ; Reason for Removal                     ;
+----------------------------------------+----------------------------------------+
; ball_y[0]                              ; Stuck at GND due to stuck port data_in ;
; ball_y[1]                              ; Stuck at VCC due to stuck port data_in ;
; ball_x[0]                              ; Stuck at GND due to stuck port data_in ;
; ball_x[1,2]                            ; Stuck at VCC due to stuck port data_in ;
; ball_x[3..6]                           ; Stuck at GND due to stuck port data_in ;
; ball_x[7,8]                            ; Stuck at VCC due to stuck port data_in ;
; ball_x[9,10]                           ; Stuck at GND due to stuck port data_in ;
; blue[0]~reg0                           ; Merged with blue[3]~reg0               ;
; blue[1]~reg0                           ; Merged with blue[3]~reg0               ;
; blue[2]~reg0                           ; Merged with blue[3]~reg0               ;
; red[0]~reg0                            ; Merged with green[3]~reg0              ;
; red[1]~reg0                            ; Merged with green[3]~reg0              ;
; green[1]~reg0                          ; Merged with green[3]~reg0              ;
; red[2]~reg0                            ; Merged with green[3]~reg0              ;
; green[0]~reg0                          ; Merged with green[3]~reg0              ;
; red[3]~reg0                            ; Merged with green[3]~reg0              ;
; green[2]~reg0                          ; Merged with green[3]~reg0              ;
; paddle_x[0]                            ; Stuck at GND due to stuck port data_in ;
; Total Number of Removed Registers = 24 ;                                        ;
+----------------------------------------+----------------------------------------+


+------------------------------------------------------+
; General Register Statistics                          ;
+----------------------------------------------+-------+
; Statistic                                    ; Value ;
+----------------------------------------------+-------+
; Total registers                              ; 71    ;
; Number of registers using Synchronous Clear  ; 22    ;
; Number of registers using Synchronous Load   ; 0     ;
; Number of registers using Asynchronous Clear ; 0     ;
; Number of registers using Asynchronous Load  ; 0     ;
; Number of registers using Clock Enable       ; 17    ;
; Number of registers using Preset             ; 0     ;
+----------------------------------------------+-------+


+--------------------------------------------------+
; Inverted Register Statistics                     ;
+----------------------------------------+---------+
; Inverted Register                      ; Fan out ;
+----------------------------------------+---------+
; ball_y[8]                              ; 2       ;
; ball_y[5]                              ; 2       ;
; paddle_x[8]                            ; 4       ;
; paddle_x[5]                            ; 3       ;
; paddle_x[3]                            ; 4       ;
; paddle_x[2]                            ; 3       ;
; Total number of inverted registers = 6 ;         ;
+----------------------------------------+---------+


+------------------------------------------------------------------------------------------------------------------------------------------+
; Multiplexer Restructuring Statistics (Restructuring Performed)                                                                           ;
+--------------------+-----------+---------------+----------------------+------------------------+------------+----------------------------+
; Multiplexer Inputs ; Bus Width ; Baseline Area ; Area if Restructured ; Saving if Restructured ; Registered ; Example Multiplexer Output ;
+--------------------+-----------+---------------+----------------------+------------------------+------------+----------------------------+
; 4:1                ; 6 bits    ; 12 LEs        ; 12 LEs               ; 0 LEs                  ; Yes        ; |proiect|paddle_x[9]       ;
; 4:1                ; 4 bits    ; 8 LEs         ; 8 LEs                ; 0 LEs                  ; Yes        ; |proiect|paddle_x[8]       ;
+--------------------+-----------+---------------+----------------------+------------------------+------------+----------------------------+


+-----------------------------------------------------------+
; Parameter Settings for User Entity Instance: vga_sync:vga ;
+----------------+-------+----------------------------------+
; Parameter Name ; Value ; Type                             ;
+----------------+-------+----------------------------------+
; h_visible_area ; 800   ; Signed Integer                   ;
; h_pixels       ; 1040  ; Signed Integer                   ;
; h_pulse        ; 120   ; Signed Integer                   ;
; h_back_porch   ; 64    ; Signed Integer                   ;
; h_front_porch  ; 56    ; Signed Integer                   ;
; v_visible_area ; 600   ; Signed Integer                   ;
; v_pixels       ; 666   ; Signed Integer                   ;
; v_pulse        ; 6     ; Signed Integer                   ;
; v_back_porch   ; 23    ; Signed Integer                   ;
; v_front_porch  ; 37    ; Signed Integer                   ;
+----------------+-------+----------------------------------+
Note: In order to hide this table in the UI and the text report file, please set the "Show Parameter Settings in Synthesis Report" option in "Analysis and Synthesis Settings -> More Settings" to "Off".


+-------------------------------+
; Elapsed Time Per Partition    ;
+----------------+--------------+
; Partition Name ; Elapsed Time ;
+----------------+--------------+
; Top            ; 00:00:00     ;
+----------------+--------------+


+-------------------------------+
; Analysis & Synthesis Messages ;
+-------------------------------+
Info: *******************************************************************
Info: Running Quartus II 64-Bit Analysis & Synthesis
    Info: Version 13.0.1 Build 232 06/12/2013 Service Pack 1 SJ Web Edition
    Info: Processing started: Thu Jul 27 16:43:04 2017
Info: Command: quartus_map --read_settings_files=on --write_settings_files=off proiect -c proiect
Warning (20028): Parallel compilation is not licensed and has been disabled
Info (12021): Found 1 design units, including 1 entities, in source file proiect.v
    Info (12023): Found entity 1: proiect
Info (12021): Found 1 design units, including 1 entities, in source file vga_sync.v
    Info (12023): Found entity 1: vga_sync
Info (12021): Found 1 design units, including 1 entities, in source file updateclk.v
    Info (12023): Found entity 1: updateclk
Warning (10236): Verilog HDL Implicit Net warning at proiect.v(103): created implicit net for "paddle_c"
Warning (10236): Verilog HDL Implicit Net warning at proiect.v(104): created implicit net for "border_c"
Info (12127): Elaborating entity "proiect" for the top level hierarchy
Warning (10036): Verilog HDL or VHDL warning at proiect.v(103): object "paddle_c" assigned a value but never read
Warning (10036): Verilog HDL or VHDL warning at proiect.v(104): object "border_c" assigned a value but never read
Warning (10858): Verilog HDL warning at proiect.v(42): object smash_y1 used but never assigned
Warning (10858): Verilog HDL warning at proiect.v(43): object smash_y2 used but never assigned
Warning (10036): Verilog HDL or VHDL warning at proiect.v(44): object "bounce" assigned a value but never read
Warning (10230): Verilog HDL assignment warning at proiect.v(31): truncated value with size 32 to match size of target (1)
Warning (10230): Verilog HDL assignment warning at proiect.v(32): truncated value with size 32 to match size of target (1)
Warning (10230): Verilog HDL assignment warning at proiect.v(33): truncated value with size 32 to match size of target (1)
Warning (10230): Verilog HDL assignment warning at proiect.v(70): truncated value with size 32 to match size of target (1)
Warning (10230): Verilog HDL assignment warning at proiect.v(71): truncated value with size 32 to match size of target (11)
Warning (10230): Verilog HDL assignment warning at proiect.v(75): truncated value with size 32 to match size of target (11)
Warning (10230): Verilog HDL assignment warning at proiect.v(77): truncated value with size 32 to match size of target (11)
Warning (10230): Verilog HDL assignment warning at proiect.v(83): truncated value with size 32 to match size of target (11)
Warning (10230): Verilog HDL assignment warning at proiect.v(86): truncated value with size 32 to match size of target (11)
Warning (10230): Verilog HDL assignment warning at proiect.v(91): truncated value with size 32 to match size of target (1)
Warning (10030): Net "smash_y1" at proiect.v(42) has no driver or initial value, using a default initial value '0'
Warning (10030): Net "smash_y2" at proiect.v(43) has no driver or initial value, using a default initial value '0'
Info (12128): Elaborating entity "vga_sync" for hierarchy "vga_sync:vga"
Warning (10230): Verilog HDL assignment warning at vga_sync.v(27): truncated value with size 32 to match size of target (11)
Warning (10230): Verilog HDL assignment warning at vga_sync.v(32): truncated value with size 32 to match size of target (11)
Warning (10230): Verilog HDL assignment warning at vga_sync.v(41): truncated value with size 32 to match size of target (1)
Warning (10230): Verilog HDL assignment warning at vga_sync.v(42): truncated value with size 32 to match size of target (1)
Warning (10230): Verilog HDL assignment warning at vga_sync.v(43): truncated value with size 32 to match size of target (1)
Info (12128): Elaborating entity "updateclk" for hierarchy "updateclk:clock"
Warning (10230): Verilog HDL assignment warning at updateclk.v(10): truncated value with size 32 to match size of target (24)
Warning (13046): Tri-state node(s) do not directly drive top-level pin(s)
    Warning (13049): Converted tri-state buffer "vga_sync:vga|y_pos[0]" feeding internal logic into a wire
    Warning (13049): Converted tri-state buffer "vga_sync:vga|y_pos[1]" feeding internal logic into a wire
    Warning (13049): Converted tri-state buffer "vga_sync:vga|y_pos[2]" feeding internal logic into a wire
    Warning (13049): Converted tri-state buffer "vga_sync:vga|y_pos[3]" feeding internal logic into a wire
    Warning (13049): Converted tri-state buffer "vga_sync:vga|y_pos[4]" feeding internal logic into a wire
    Warning (13049): Converted tri-state buffer "vga_sync:vga|y_pos[5]" feeding internal logic into a wire
    Warning (13049): Converted tri-state buffer "vga_sync:vga|y_pos[6]" feeding internal logic into a wire
    Warning (13049): Converted tri-state buffer "vga_sync:vga|y_pos[7]" feeding internal logic into a wire
    Warning (13049): Converted tri-state buffer "vga_sync:vga|y_pos[8]" feeding internal logic into a wire
    Warning (13049): Converted tri-state buffer "vga_sync:vga|y_pos[9]" feeding internal logic into a wire
    Warning (13049): Converted tri-state buffer "vga_sync:vga|y_pos[10]" feeding internal logic into a wire
    Warning (13049): Converted tri-state buffer "vga_sync:vga|x_pos[0]" feeding internal logic into a wire
    Warning (13049): Converted tri-state buffer "vga_sync:vga|x_pos[1]" feeding internal logic into a wire
    Warning (13049): Converted tri-state buffer "vga_sync:vga|x_pos[2]" feeding internal logic into a wire
    Warning (13049): Converted tri-state buffer "vga_sync:vga|x_pos[3]" feeding internal logic into a wire
    Warning (13049): Converted tri-state buffer "vga_sync:vga|x_pos[4]" feeding internal logic into a wire
    Warning (13049): Converted tri-state buffer "vga_sync:vga|x_pos[5]" feeding internal logic into a wire
    Warning (13049): Converted tri-state buffer "vga_sync:vga|x_pos[6]" feeding internal logic into a wire
    Warning (13049): Converted tri-state buffer "vga_sync:vga|x_pos[7]" feeding internal logic into a wire
    Warning (13049): Converted tri-state buffer "vga_sync:vga|x_pos[8]" feeding internal logic into a wire
    Warning (13049): Converted tri-state buffer "vga_sync:vga|x_pos[9]" feeding internal logic into a wire
    Warning (13049): Converted tri-state buffer "vga_sync:vga|x_pos[10]" feeding internal logic into a wire
Info (144001): Generated suppressed messages file D:/altera 2/projects_delete/proiect/output_files/proiect.map.smsg
Info (16010): Generating hard_block partition "hard_block:auto_generated_inst"
    Info (16011): Adding 0 node(s), including 0 DDIO, 0 PLL, 0 transceiver and 0 LCELL
Info (21057): Implemented 238 device resources after synthesis - the final resource count might be different
    Info (21058): Implemented 4 input pins
    Info (21059): Implemented 14 output pins
    Info (21061): Implemented 220 logic cells
Info: Quartus II 64-Bit Analysis & Synthesis was successful. 0 errors, 49 warnings
    Info: Peak virtual memory: 479 megabytes
    Info: Processing ended: Thu Jul 27 16:43:05 2017
    Info: Elapsed time: 00:00:01
    Info: Total CPU time (on all processors): 00:00:02


+------------------------------------------+
; Analysis & Synthesis Suppressed Messages ;
+------------------------------------------+
The suppressed messages can be found in D:/altera 2/projects_delete/proiect/output_files/proiect.map.smsg.


